<?xml version="1.0" encoding="UTF-8"?>
<!-- Generated by org.testng.reporters.JUnitXMLReporter -->
<testsuite ignored="0" hostname="DESKTOP-R5NT7CG" failures="0" tests="4" name="Test" time="0.106" errors="0" timestamp="2022-07-12T17:51:57 IST">
  <testcase classname="parallelPckg.parallelTest" name="Test2" time="0.02"/>
  <testcase classname="parallelPckg.parallelTest" name="Test3" time="0.02"/>
  <testcase classname="parallelPckg.parallelTest" name="Test1" time="0.02"/>
  <testcase classname="parallelPckg.parallelTest" name="Test4" time="0.004"/>
</testsuite> <!-- Test -->
