<?xml version="1.0" encoding="UTF-8"?>
<!-- Generated by org.testng.reporters.JUnitXMLReporter -->
<testsuite ignored="0" hostname="DESKTOP-R5NT7CG" failures="0" tests="4" name="Surefire test" time="0.119" errors="0" timestamp="2022-07-08T16:15:39 IST">
  <testcase classname="com.qa.tests.demoTest" name="div" time="0.012"/>
  <testcase classname="com.qa.tests.demoTest" name="mul" time="0.001"/>
  <testcase classname="com.qa.tests.demoTest" name="sub" time="0.001"/>
  <testcase classname="com.qa.tests.demoTest" name="sum" time="0.0"/>
</testsuite> <!-- Surefire test -->
