<?xml version="1.0" encoding="UTF-8"?>
<testng-results ignored="0" total="2" passed="2" failed="0" skipped="0">
  <reporter-output>
  </reporter-output>
  <suite started-at="2022-07-13T12:49:07 IST" name="Default suite" finished-at="2022-07-13T12:49:07 IST" duration-ms="85">
    <groups>
    </groups>
    <test started-at="2022-07-13T12:49:07 IST" name="Default test" finished-at="2022-07-13T12:49:07 IST" duration-ms="85">
      <class name="demoPckg.dataProvider">
        <test-method signature="testDataprovider(java.lang.String,java.lang.String)[pri:0, instance:demoPckg.dataProvider@32ee6fee]" started-at="2022-07-13T12:49:07 IST" name="testDataprovider" data-provider="testdata" finished-at="2022-07-13T12:49:07 IST" duration-ms="11" status="PASS">
          <params>
            <param index="0">
              <value>
                <![CDATA[Username1]]>
              </value>
            </param>
            <param index="1">
              <value>
                <![CDATA[Password1]]>
              </value>
            </param>
          </params>
          <reporter-output>
          </reporter-output>
        </test-method> <!-- testDataprovider -->
        <test-method signature="testDataprovider(java.lang.String,java.lang.String)[pri:0, instance:demoPckg.dataProvider@32ee6fee]" started-at="2022-07-13T12:49:07 IST" name="testDataprovider" data-provider="testdata" finished-at="2022-07-13T12:49:07 IST" duration-ms="4" status="PASS">
          <params>
            <param index="0">
              <value>
                <![CDATA[Username2]]>
              </value>
            </param>
            <param index="1">
              <value>
                <![CDATA[Password2]]>
              </value>
            </param>
          </params>
          <reporter-output>
          </reporter-output>
        </test-method> <!-- testDataprovider -->
      </class> <!-- demoPckg.dataProvider -->
    </test> <!-- Default test -->
  </suite> <!-- Default suite -->
</testng-results>
