<?xml version="1.0" encoding="UTF-8"?>
<testng-results ignored="0" total="4" passed="4" failed="0" skipped="0">
  <reporter-output>
  </reporter-output>
  <suite started-at="2022-07-08T16:15:38 IST" name="Surefire suite" finished-at="2022-07-08T16:15:39 IST" duration-ms="119">
    <groups>
    </groups>
    <test started-at="2022-07-08T16:15:38 IST" name="Surefire test" finished-at="2022-07-08T16:15:39 IST" duration-ms="119">
      <class name="com.qa.tests.demoTest">
        <test-method signature="div()[pri:0, instance:com.qa.tests.demoTest@1ebd319f]" started-at="2022-07-08T16:15:39 IST" name="div" finished-at="2022-07-08T16:15:39 IST" duration-ms="12" status="PASS">
          <reporter-output>
          </reporter-output>
        </test-method> <!-- div -->
        <test-method signature="mul()[pri:0, instance:com.qa.tests.demoTest@1ebd319f]" started-at="2022-07-08T16:15:39 IST" name="mul" finished-at="2022-07-08T16:15:39 IST" duration-ms="1" status="PASS">
          <reporter-output>
          </reporter-output>
        </test-method> <!-- mul -->
        <test-method signature="sub()[pri:0, instance:com.qa.tests.demoTest@1ebd319f]" started-at="2022-07-08T16:15:39 IST" name="sub" finished-at="2022-07-08T16:15:39 IST" duration-ms="1" status="PASS">
          <reporter-output>
          </reporter-output>
        </test-method> <!-- sub -->
        <test-method signature="sum()[pri:0, instance:com.qa.tests.demoTest@1ebd319f]" started-at="2022-07-08T16:15:39 IST" name="sum" finished-at="2022-07-08T16:15:39 IST" duration-ms="0" status="PASS">
          <reporter-output>
          </reporter-output>
        </test-method> <!-- sum -->
      </class> <!-- com.qa.tests.demoTest -->
    </test> <!-- Surefire test -->
  </suite> <!-- Surefire suite -->
</testng-results>
